<?xml version="1.0" encoding="UTF-8"?>
<!-- Generated by org.testng.reporters.JUnitXMLReporter -->
<testsuite hostname="HariGeeth" ignored="0" name="Test" tests="2" failures="0" timestamp="20 Dec 2019 02:28:28 GMT" time="0.934" errors="0">
  <testcase name="@BeforeTest beforeTestMethod" time="0.0" classname="com.jaya.data.TestBase">
    <failure type="org.testng.TestNGException" message="
Parameter &amp;apos;browser&amp;apos; is required by BeforeTest on method beforeTestMethod but has not been marked @Optional or defined
in D:\Selenium\Subramanyam\Git Repo\Selenium-Practice\DataDrivenFramework\testng.xml">
      <![CDATA[org.testng.TestNGException: 
Parameter 'browser' is required by BeforeTest on method beforeTestMethod but has not been marked @Optional or defined
in D:\Selenium\Subramanyam\Git Repo\Selenium-Practice\DataDrivenFramework\testng.xml
... Removed 21 stack frames]]>
    </failure>
  </testcase> <!-- @BeforeTest beforeTestMethod -->
  <testcase name="@BeforeClass beforeClassMethod" time="0.0" classname="com.jaya.data.TestBase">
    <skipped/>
  </testcase> <!-- @BeforeClass beforeClassMethod -->
  <testcase name="@AfterClass afterClassMethod" time="0.0" classname="com.jaya.data.TestBase">
    <skipped/>
  </testcase> <!-- @AfterClass afterClassMethod -->
  <testcase name="@AfterTest aftereTestMethod" time="0.0" classname="com.jaya.data.TestBase">
    <skipped/>
  </testcase> <!-- @AfterTest aftereTestMethod -->
  <testcase name="doLogin" time="0.0" classname="com.jaya.data.tests.LoginTest">
    <skipped/>
  </testcase> <!-- doLogin -->
  <testcase name="doLogin" time="0.0" classname="com.jaya.data.tests.LoginTest">
    <skipped/>
  </testcase> <!-- doLogin -->
</testsuite> <!-- Test -->
